<?xml version="1.0" encoding="UTF-8"?>
<!-- Generated by org.testng.reporters.JUnitReportReporter -->
<testsuite hostname="DESKTOP-A2DPSL1" failures="0" tests="3" name="Driver.Practice" time="6.131" errors="0" timestamp="2024-09-05T13:26:09 IST" skipped="0">
  <testcase classname="Driver.Practice" name="username" time="2.233"/>
  <testcase classname="Driver.Practice" name="password" time="2.131"/>
  <testcase classname="Driver.Practice" name="login" time="1.767"/>
</testsuite> <!-- Driver.Practice -->
